<?xml version="1.0" encoding="UTF-8"?>
<!-- Generated by org.testng.reporters.JUnitReportReporter -->
<testsuite hostname="LAPTOP-AM114LQV" failures="0" tests="1" name="rest.testng" time="11.501" errors="0" timestamp="2022-11-10T20:13:02 IST" skipped="0">
  <testcase classname="rest.testng" name="getmethod" time="11.501"/>
  <system-out/>
</testsuite> <!-- rest.testng -->
